-------------------------------------------------------------------------------
Test set: CreateOrderTest
-------------------------------------------------------------------------------
Tests run: 4, Failures: 1, Errors: 0, Skipped: 0, Time elapsed: 3.265 s <<< FAILURE! - in CreateOrderTest
CreateOrderTest.unSuccessCreatingOrderWithoutAuthTest  Time elapsed: 0.729 s  <<< FAILURE!
java.lang.AssertionError: 
Order can be created without auth
Expected: <401>
     but: was <200>
	at CreateOrderTest.unSuccessCreatingOrderWithoutAuthTest(CreateOrderTest.java:52)

