-------------------------------------------------------------------------------
Test set: CreateUserTest
-------------------------------------------------------------------------------
Tests run: 3, Failures: 1, Errors: 0, Skipped: 0, Time elapsed: 1.28 s <<< FAILURE! - in CreateUserTest
CreateUserTest.unSuccessCreatingUserWithoutNameTest  Time elapsed: 0.44 s  <<< FAILURE!
java.lang.AssertionError: 
1 expectation failed.
Expected status code <403> but was <200>.

	at CreateUserTest.unSuccessCreatingUserWithoutNameTest(CreateUserTest.java:49)

