-------------------------------------------------------------------------------
Test set: LoginUserTest
-------------------------------------------------------------------------------
Tests run: 2, Failures: 1, Errors: 0, Skipped: 0, Time elapsed: 1.964 s <<< FAILURE! - in LoginUserTest
LoginUserTest.UnSuccessUserLoginWithLoginPasswordAndTokenTest  Time elapsed: 0.983 s  <<< FAILURE!
java.lang.AssertionError: 
1 expectation failed.
Expected status code <401> but was <200>.

	at LoginUserTest.UnSuccessUserLoginWithLoginPasswordAndTokenTest(LoginUserTest.java:50)

