<?xml version="1.0" encoding="UTF-8"?>
<testsuite xmlns:xsi="http://www.w3.org/2001/XMLSchema-instance" xsi:noNamespaceSchemaLocation="https://maven.apache.org/surefire/maven-surefire-plugin/xsd/surefire-test-report-3.0.xsd" version="3.0" name="LoginUserTest" time="1.964" tests="2" errors="0" skipped="0" failures="1">
  <properties>
[...]
</properties>
  <testcase name="successUserLoginWithLoginPasswordAndTokenTest" classname="LoginUserTest" time="0.971"/>
  <testcase name="UnSuccessUserLoginWithLoginPasswordAndTokenTest" classname="LoginUserTest" time="0.983">
    <failure message="1 expectation failed.&#10;Expected status code &lt;401&gt; but was &lt;200&gt;.&#10;" type="java.lang.AssertionError"><![CDATA[java.lang.AssertionError: 
1 expectation failed.
Expected status code <401> but was <200>.

	at LoginUserTest.UnSuccessUserLoginWithLoginPasswordAndTokenTest(LoginUserTest.java:50)
]]></failure>
  </testcase>
</testsuite>